Started on Apr 1, 2024, 6:22:00 PM
Using strategy: Default
[poll] Last Built Revision: Revision 287058a5837d8b9a85480e900f9340f6a5e904c4 (refs/remotes/origin/master)
The recommended git tool is: git
using credential github-token2
 > git --version # timeout=10
 > git --version # 'git version 2.34.1'
using GIT_ASKPASS to set credentials 
 > git ls-remote -h -- https://github.com/shankargouda1/DevOpsClassCodes # timeout=10
Found 2 remote heads on https://github.com/shankargouda1/DevOpsClassCodes
[poll] Latest remote head revision on refs/heads/master is: 9b79ddc3ce50819e84fb6e33ced404ceab6c5019
Using strategy: Default
[poll] Last Built Revision: Revision 3d1ead05ec11d3b9083881a56aa020e16db51bbc (refs/remotes/origin/master)
The recommended git tool is: NONE
No credentials specified
 > git --version # timeout=10
 > git --version # 'git version 2.34.1'
 > git ls-remote -h -- https://github.com/akshu20791/DevOpsClassCodes/ # timeout=10
Found 2 remote heads on https://github.com/akshu20791/DevOpsClassCodes/
[poll] Latest remote head revision on refs/heads/master is: 3d1ead05ec11d3b9083881a56aa020e16db51bbc - already built by 3
Done. Took 2.2 sec
Changes found
