Started at Tue Apr 02 14:12:01 UTC 2024
Processing code-package2
Offering code-package2 to Project Build Discarder
Processing code-testing
Offering code-testing to Project Build Discarder
Processing code-testing2
Offering code-testing2 to Project Build Discarder
Processing codecompile
Offering codecompile to Project Build Discarder
Processing codecompile2
Offering codecompile2 to Project Build Discarder
Processing declarative--pipeline2
Offering declarative--pipeline2 to Project Build Discarder
declarative--pipeline2 accepted by Project Build Discarder
Processing declarative-pipeline
Offering declarative-pipeline to Project Build Discarder
declarative-pipeline accepted by Project Build Discarder
Processing def_array
Offering def_array to Project Build Discarder
Processing Dp-2
Offering Dp-2 to Project Build Discarder
Processing dp2-array
Offering dp2-array to Project Build Discarder
Processing package
Offering package to Project Build Discarder
Processing qa
Offering qa to Project Build Discarder
Processing qa2
Offering qa2 to Project Build Discarder
Processing use-of-variables
Offering use-of-variables to Project Build Discarder
Processing multibranch-project/branch1
Offering multibranch-project/branch1 to Project Build Discarder
Processing multibranch-project/master
Offering multibranch-project/master to Project Build Discarder
Processing multibranch-pipeline/branch1
Offering multibranch-pipeline/branch1 to Project Build Discarder
Processing multibranch-pipeline/master
Offering multibranch-pipeline/master to Project Build Discarder
Finished at Tue Apr 02 14:12:01 UTC 2024. 39ms
Started at Tue Apr 02 15:12:01 UTC 2024
Processing code-package2
Offering code-package2 to Project Build Discarder
Processing code-testing
Offering code-testing to Project Build Discarder
Processing code-testing2
Offering code-testing2 to Project Build Discarder
Processing codecompile
Offering codecompile to Project Build Discarder
Processing codecompile2
Offering codecompile2 to Project Build Discarder
Processing declarative--pipeline2
Offering declarative--pipeline2 to Project Build Discarder
declarative--pipeline2 accepted by Project Build Discarder
Processing declarative-pipeline
Offering declarative-pipeline to Project Build Discarder
declarative-pipeline accepted by Project Build Discarder
Processing def_array
Offering def_array to Project Build Discarder
Processing Dp-2
Offering Dp-2 to Project Build Discarder
Processing dp2-array
Offering dp2-array to Project Build Discarder
Processing package
Offering package to Project Build Discarder
Processing qa
Offering qa to Project Build Discarder
Processing qa2
Offering qa2 to Project Build Discarder
Processing use-of-variables
Offering use-of-variables to Project Build Discarder
Processing multibranch-project/branch1
Offering multibranch-project/branch1 to Project Build Discarder
Processing multibranch-project/master
Offering multibranch-project/master to Project Build Discarder
Processing multibranch-pipeline/branch1
Offering multibranch-pipeline/branch1 to Project Build Discarder
Processing multibranch-pipeline/master
Offering multibranch-pipeline/master to Project Build Discarder
Finished at Tue Apr 02 15:12:01 UTC 2024. 21ms
Started at Tue Apr 02 16:12:01 UTC 2024
Processing code-package2
Offering code-package2 to Project Build Discarder
Processing code-testing
Offering code-testing to Project Build Discarder
Processing code-testing2
Offering code-testing2 to Project Build Discarder
Processing codecompile
Offering codecompile to Project Build Discarder
Processing codecompile2
Offering codecompile2 to Project Build Discarder
Processing declarative--pipeline2
Offering declarative--pipeline2 to Project Build Discarder
declarative--pipeline2 accepted by Project Build Discarder
Processing declarative-pipeline
Offering declarative-pipeline to Project Build Discarder
declarative-pipeline accepted by Project Build Discarder
Processing def_array
Offering def_array to Project Build Discarder
Processing Dp-2
Offering Dp-2 to Project Build Discarder
Processing dp2-array
Offering dp2-array to Project Build Discarder
Processing package
Offering package to Project Build Discarder
Processing qa
Offering qa to Project Build Discarder
Processing qa2
Offering qa2 to Project Build Discarder
Processing use-of-variables
Offering use-of-variables to Project Build Discarder
Processing multibranch-project/branch1
Offering multibranch-project/branch1 to Project Build Discarder
Processing multibranch-project/master
Offering multibranch-project/master to Project Build Discarder
Processing multibranch-pipeline/branch1
Offering multibranch-pipeline/branch1 to Project Build Discarder
Processing multibranch-pipeline/master
Offering multibranch-pipeline/master to Project Build Discarder
Finished at Tue Apr 02 16:12:01 UTC 2024. 19ms
Started at Tue Apr 02 17:12:01 UTC 2024
Processing code-package2
Offering code-package2 to Project Build Discarder
Processing code-testing
Offering code-testing to Project Build Discarder
Processing code-testing2
Offering code-testing2 to Project Build Discarder
Processing codecompile
Offering codecompile to Project Build Discarder
Processing codecompile2
Offering codecompile2 to Project Build Discarder
Processing declarative--pipeline2
Offering declarative--pipeline2 to Project Build Discarder
declarative--pipeline2 accepted by Project Build Discarder
Processing declarative-pipeline
Offering declarative-pipeline to Project Build Discarder
declarative-pipeline accepted by Project Build Discarder
Processing def_array
Offering def_array to Project Build Discarder
Processing Dp-2
Offering Dp-2 to Project Build Discarder
Processing dp2-array
Offering dp2-array to Project Build Discarder
Processing package
Offering package to Project Build Discarder
Processing qa
Offering qa to Project Build Discarder
Processing qa2
Offering qa2 to Project Build Discarder
Processing use-of-variables
Offering use-of-variables to Project Build Discarder
Processing multibranch-project/branch1
Offering multibranch-project/branch1 to Project Build Discarder
Processing multibranch-project/master
Offering multibranch-project/master to Project Build Discarder
Processing multibranch-pipeline/branch1
Offering multibranch-pipeline/branch1 to Project Build Discarder
Processing multibranch-pipeline/master
Offering multibranch-pipeline/master to Project Build Discarder
Finished at Tue Apr 02 17:12:01 UTC 2024. 51ms
Started at Tue Apr 02 18:12:01 UTC 2024
Processing code-package2
Offering code-package2 to Project Build Discarder
Processing code-testing
Offering code-testing to Project Build Discarder
Processing code-testing2
Offering code-testing2 to Project Build Discarder
Processing codecompile
Offering codecompile to Project Build Discarder
Processing codecompile2
Offering codecompile2 to Project Build Discarder
Processing declarative--pipeline2
Offering declarative--pipeline2 to Project Build Discarder
declarative--pipeline2 accepted by Project Build Discarder
Processing declarative-pipeline
Offering declarative-pipeline to Project Build Discarder
declarative-pipeline accepted by Project Build Discarder
Processing def_array
Offering def_array to Project Build Discarder
Processing Dp-2
Offering Dp-2 to Project Build Discarder
Processing dp2-array
Offering dp2-array to Project Build Discarder
Processing package
Offering package to Project Build Discarder
Processing qa
Offering qa to Project Build Discarder
Processing qa2
Offering qa2 to Project Build Discarder
Processing use-of-variables
Offering use-of-variables to Project Build Discarder
Processing multibranch-project/branch1
Offering multibranch-project/branch1 to Project Build Discarder
Processing multibranch-project/master
Offering multibranch-project/master to Project Build Discarder
Processing multibranch-pipeline/branch1
Offering multibranch-pipeline/branch1 to Project Build Discarder
Processing multibranch-pipeline/master
Offering multibranch-pipeline/master to Project Build Discarder
Finished at Tue Apr 02 18:12:01 UTC 2024. 26ms
Started at Tue Apr 02 19:12:01 UTC 2024
Processing code-package2
Offering code-package2 to Project Build Discarder
Processing code-testing
Offering code-testing to Project Build Discarder
Processing code-testing2
Offering code-testing2 to Project Build Discarder
Processing codecompile
Offering codecompile to Project Build Discarder
Processing codecompile2
Offering codecompile2 to Project Build Discarder
Processing declarative--pipeline2
Offering declarative--pipeline2 to Project Build Discarder
declarative--pipeline2 accepted by Project Build Discarder
Processing declarative-pipeline
Offering declarative-pipeline to Project Build Discarder
declarative-pipeline accepted by Project Build Discarder
Processing def_array
Offering def_array to Project Build Discarder
Processing Dp-2
Offering Dp-2 to Project Build Discarder
Processing dp2-array
Offering dp2-array to Project Build Discarder
Processing package
Offering package to Project Build Discarder
Processing qa
Offering qa to Project Build Discarder
Processing qa2
Offering qa2 to Project Build Discarder
Processing use-of-variables
Offering use-of-variables to Project Build Discarder
Processing multibranch-project/branch1
Offering multibranch-project/branch1 to Project Build Discarder
Processing multibranch-project/master
Offering multibranch-project/master to Project Build Discarder
Processing multibranch-pipeline/branch1
Offering multibranch-pipeline/branch1 to Project Build Discarder
Processing multibranch-pipeline/master
Offering multibranch-pipeline/master to Project Build Discarder
Finished at Tue Apr 02 19:12:01 UTC 2024. 1ms
Started at Tue Apr 02 20:12:01 UTC 2024
Processing code-package2
Offering code-package2 to Project Build Discarder
Processing code-testing
Offering code-testing to Project Build Discarder
Processing code-testing2
Offering code-testing2 to Project Build Discarder
Processing codecompile
Offering codecompile to Project Build Discarder
Processing codecompile2
Offering codecompile2 to Project Build Discarder
Processing declarative--pipeline2
Offering declarative--pipeline2 to Project Build Discarder
declarative--pipeline2 accepted by Project Build Discarder
Processing declarative-pipeline
Offering declarative-pipeline to Project Build Discarder
declarative-pipeline accepted by Project Build Discarder
Processing def_array
Offering def_array to Project Build Discarder
Processing Dp-2
Offering Dp-2 to Project Build Discarder
Processing dp2-array
Offering dp2-array to Project Build Discarder
Processing package
Offering package to Project Build Discarder
Processing qa
Offering qa to Project Build Discarder
Processing qa2
Offering qa2 to Project Build Discarder
Processing use-of-variables
Offering use-of-variables to Project Build Discarder
Processing multibranch-project/branch1
Offering multibranch-project/branch1 to Project Build Discarder
Processing multibranch-project/master
Offering multibranch-project/master to Project Build Discarder
Processing multibranch-pipeline/branch1
Offering multibranch-pipeline/branch1 to Project Build Discarder
Processing multibranch-pipeline/master
Offering multibranch-pipeline/master to Project Build Discarder
Finished at Tue Apr 02 20:12:01 UTC 2024. 17ms
Started at Tue Apr 02 21:12:01 UTC 2024
Processing code-package2
Offering code-package2 to Project Build Discarder
Processing code-testing
Offering code-testing to Project Build Discarder
Processing code-testing2
Offering code-testing2 to Project Build Discarder
Processing codecompile
Offering codecompile to Project Build Discarder
Processing codecompile2
Offering codecompile2 to Project Build Discarder
Processing declarative--pipeline2
Offering declarative--pipeline2 to Project Build Discarder
declarative--pipeline2 accepted by Project Build Discarder
Processing declarative-pipeline
Offering declarative-pipeline to Project Build Discarder
declarative-pipeline accepted by Project Build Discarder
Processing def_array
Offering def_array to Project Build Discarder
Processing Dp-2
Offering Dp-2 to Project Build Discarder
Processing dp2-array
Offering dp2-array to Project Build Discarder
Processing package
Offering package to Project Build Discarder
Processing qa
Offering qa to Project Build Discarder
Processing qa2
Offering qa2 to Project Build Discarder
Processing use-of-variables
Offering use-of-variables to Project Build Discarder
Processing multibranch-project/branch1
Offering multibranch-project/branch1 to Project Build Discarder
Processing multibranch-project/master
Offering multibranch-project/master to Project Build Discarder
Processing multibranch-pipeline/branch1
Offering multibranch-pipeline/branch1 to Project Build Discarder
Processing multibranch-pipeline/master
Offering multibranch-pipeline/master to Project Build Discarder
Finished at Tue Apr 02 21:12:01 UTC 2024. 35ms
Started at Tue Apr 02 22:12:01 UTC 2024
Processing code-package2
Offering code-package2 to Project Build Discarder
Processing code-testing
Offering code-testing to Project Build Discarder
Processing code-testing2
Offering code-testing2 to Project Build Discarder
Processing codecompile
Offering codecompile to Project Build Discarder
Processing codecompile2
Offering codecompile2 to Project Build Discarder
Processing declarative--pipeline2
Offering declarative--pipeline2 to Project Build Discarder
declarative--pipeline2 accepted by Project Build Discarder
Processing declarative-pipeline
Offering declarative-pipeline to Project Build Discarder
declarative-pipeline accepted by Project Build Discarder
Processing def_array
Offering def_array to Project Build Discarder
Processing Dp-2
Offering Dp-2 to Project Build Discarder
Processing dp2-array
Offering dp2-array to Project Build Discarder
Processing package
Offering package to Project Build Discarder
Processing qa
Offering qa to Project Build Discarder
Processing qa2
Offering qa2 to Project Build Discarder
Processing use-of-variables
Offering use-of-variables to Project Build Discarder
Processing multibranch-project/branch1
Offering multibranch-project/branch1 to Project Build Discarder
Processing multibranch-project/master
Offering multibranch-project/master to Project Build Discarder
Processing multibranch-pipeline/branch1
Offering multibranch-pipeline/branch1 to Project Build Discarder
Processing multibranch-pipeline/master
Offering multibranch-pipeline/master to Project Build Discarder
Finished at Tue Apr 02 22:12:01 UTC 2024. 17ms
Started at Tue Apr 02 23:12:01 UTC 2024
Processing code-package2
Offering code-package2 to Project Build Discarder
Processing code-testing
Offering code-testing to Project Build Discarder
Processing code-testing2
Offering code-testing2 to Project Build Discarder
Processing codecompile
Offering codecompile to Project Build Discarder
Processing codecompile2
Offering codecompile2 to Project Build Discarder
Processing declarative--pipeline2
Offering declarative--pipeline2 to Project Build Discarder
declarative--pipeline2 accepted by Project Build Discarder
Processing declarative-pipeline
Offering declarative-pipeline to Project Build Discarder
declarative-pipeline accepted by Project Build Discarder
Processing def_array
Offering def_array to Project Build Discarder
Processing Dp-2
Offering Dp-2 to Project Build Discarder
Processing dp2-array
Offering dp2-array to Project Build Discarder
Processing package
Offering package to Project Build Discarder
Processing qa
Offering qa to Project Build Discarder
Processing qa2
Offering qa2 to Project Build Discarder
Processing use-of-variables
Offering use-of-variables to Project Build Discarder
Processing multibranch-project/branch1
Offering multibranch-project/branch1 to Project Build Discarder
Processing multibranch-project/master
Offering multibranch-project/master to Project Build Discarder
Processing multibranch-pipeline/branch1
Offering multibranch-pipeline/branch1 to Project Build Discarder
Processing multibranch-pipeline/master
Offering multibranch-pipeline/master to Project Build Discarder
Finished at Tue Apr 02 23:12:01 UTC 2024. 40ms
Started at Wed Apr 03 00:12:01 UTC 2024
Processing code-package2
Offering code-package2 to Project Build Discarder
Processing code-testing
Offering code-testing to Project Build Discarder
Processing code-testing2
Offering code-testing2 to Project Build Discarder
Processing codecompile
Offering codecompile to Project Build Discarder
Processing codecompile2
Offering codecompile2 to Project Build Discarder
Processing declarative--pipeline2
Offering declarative--pipeline2 to Project Build Discarder
declarative--pipeline2 accepted by Project Build Discarder
Processing declarative-pipeline
Offering declarative-pipeline to Project Build Discarder
declarative-pipeline accepted by Project Build Discarder
Processing def_array
Offering def_array to Project Build Discarder
Processing Dp-2
Offering Dp-2 to Project Build Discarder
Processing dp2-array
Offering dp2-array to Project Build Discarder
Processing package
Offering package to Project Build Discarder
Processing qa
Offering qa to Project Build Discarder
Processing qa2
Offering qa2 to Project Build Discarder
Processing use-of-variables
Offering use-of-variables to Project Build Discarder
Processing multibranch-project/branch1
Offering multibranch-project/branch1 to Project Build Discarder
Processing multibranch-project/master
Offering multibranch-project/master to Project Build Discarder
Processing multibranch-pipeline/branch1
Offering multibranch-pipeline/branch1 to Project Build Discarder
Processing multibranch-pipeline/master
Offering multibranch-pipeline/master to Project Build Discarder
Finished at Wed Apr 03 00:12:01 UTC 2024. 1ms
Started at Wed Apr 03 01:12:01 UTC 2024
Processing code-package2
Offering code-package2 to Project Build Discarder
Processing code-testing
Offering code-testing to Project Build Discarder
Processing code-testing2
Offering code-testing2 to Project Build Discarder
Processing codecompile
Offering codecompile to Project Build Discarder
Processing codecompile2
Offering codecompile2 to Project Build Discarder
Processing declarative--pipeline2
Offering declarative--pipeline2 to Project Build Discarder
declarative--pipeline2 accepted by Project Build Discarder
Processing declarative-pipeline
Offering declarative-pipeline to Project Build Discarder
declarative-pipeline accepted by Project Build Discarder
Processing def_array
Offering def_array to Project Build Discarder
Processing Dp-2
Offering Dp-2 to Project Build Discarder
Processing dp2-array
Offering dp2-array to Project Build Discarder
Processing package
Offering package to Project Build Discarder
Processing qa
Offering qa to Project Build Discarder
Processing qa2
Offering qa2 to Project Build Discarder
Processing use-of-variables
Offering use-of-variables to Project Build Discarder
Processing multibranch-project/branch1
Offering multibranch-project/branch1 to Project Build Discarder
Processing multibranch-project/master
Offering multibranch-project/master to Project Build Discarder
Processing multibranch-pipeline/branch1
Offering multibranch-pipeline/branch1 to Project Build Discarder
Processing multibranch-pipeline/master
Offering multibranch-pipeline/master to Project Build Discarder
Finished at Wed Apr 03 01:12:01 UTC 2024. 36ms
