Started on Apr 3, 2024, 8:51:00 AM
Using strategy: Default
[poll] Last Built Revision: Revision 9b79ddc3ce50819e84fb6e33ced404ceab6c5019 (refs/remotes/origin/master)
The recommended git tool is: git
using credential github-token2
 > git --version # timeout=10
 > git --version # 'git version 2.34.1'
using GIT_ASKPASS to set credentials 
 > git ls-remote -h -- https://github.com/shankargouda1/DevOpsClassCodes # timeout=10
Found 2 remote heads on https://github.com/shankargouda1/DevOpsClassCodes
[poll] Latest remote head revision on refs/heads/master is: 9b79ddc3ce50819e84fb6e33ced404ceab6c5019 - already built by 5
Using strategy: Default
[poll] Last Built Revision: Revision e514332a7f03cd6eba3b91dfe57c63dca82ec3e9 (refs/remotes/origin/master)
The recommended git tool is: NONE
No credentials specified
 > git --version # timeout=10
 > git --version # 'git version 2.34.1'
 > git ls-remote -h -- https://github.com/akshu20791/DevOpsClassCodes/ # timeout=10
Found 2 remote heads on https://github.com/akshu20791/DevOpsClassCodes/
[poll] Latest remote head revision on refs/heads/master is: e514332a7f03cd6eba3b91dfe57c63dca82ec3e9 - already built by 5
Done. Took 1.1 sec
No changes
